<?xml version="1.0" encoding="UTF-8"?>
<!-- Generated by org.testng.reporters.JUnitReportReporter -->
<testsuite hostname="RDG" failures="0" tests="1" name="com.zoopla.tests.SalesTest" time="64.980" errors="0" timestamp="10 Sep 2019 10:44:23 GMT">
  <testcase classname="com.zoopla.tests.SalesTest" name="printAllPriceValues" time="64.980"/>
</testsuite> <!-- com.zoopla.tests.SalesTest -->
